2025-10-12 18:22:54 [infer_progress] INFO: 
2025-10-12 18:22:54 [infer_progress] INFO: ============================================================
2025-10-12 18:22:54 [infer_progress] INFO:   Inferring Pipeline Progress - sam_altman
2025-10-12 18:22:54 [infer_progress] INFO: ============================================================
2025-10-12 18:22:54 [infer_progress] INFO: Inferring pipeline progress for: sam_altman
2025-10-12 18:22:54 [infer_progress] INFO:   Analyzing viability phase...
2025-10-12 18:22:54 [infer_progress] INFO:     Status: completed (2 artifacts found, 1 required)
2025-10-12 18:22:54 [infer_progress] INFO:   Analyzing research phase...
2025-10-12 18:22:54 [infer_progress] INFO:     Status: completed (39 artifacts found, 2 required)
2025-10-12 18:22:54 [infer_progress] INFO:   Analyzing analysis phase...
2025-10-12 18:22:54 [infer_progress] INFO:     Status: in_progress (1 artifacts found, 3 required)
2025-10-12 18:22:54 [infer_progress] INFO:   Analyzing synthesis phase...
2025-10-12 18:22:54 [infer_progress] INFO:     Status: completed (3 artifacts found, 1 required)
2025-10-12 18:22:54 [infer_progress] INFO:   Analyzing implementation phase...
2025-10-12 18:22:54 [infer_progress] INFO:     Status: completed (6 artifacts found, 1 required)
2025-10-12 18:22:54 [infer_progress] INFO:   Analyzing testing phase...
2025-10-12 18:22:54 [infer_progress] INFO:     Status: pending (0 artifacts found, 1 required)
2025-10-12 18:22:54 [infer_progress] INFO: ✓ Created pipeline_progress.yaml: docs/minds/sam_altman/docs/pipeline_progress.yaml
2025-10-12 18:22:54 [infer_progress] INFO:   Current Phase: analysis
2025-10-12 18:22:54 [infer_progress] INFO:   Completed Phases: 4/6
2025-10-12 18:22:54 [infer_progress] INFO:   Phase Status:
2025-10-12 18:22:54 [infer_progress] INFO:     ✓ viability: completed (2 artifacts)
2025-10-12 18:22:54 [infer_progress] INFO:     ✓ research: completed (39 artifacts)
2025-10-12 18:22:54 [infer_progress] INFO:     ⊙ analysis: in_progress (1 artifacts)
2025-10-12 18:22:54 [infer_progress] INFO:     ✓ synthesis: completed (3 artifacts)
2025-10-12 18:22:54 [infer_progress] INFO:     ✓ implementation: completed (6 artifacts)
2025-10-12 18:22:54 [infer_progress] INFO:     ○ testing: pending (0 artifacts)
2025-10-12 18:22:54 [infer_progress] INFO: 
2025-10-12 18:22:54 [infer_progress] INFO: ============================================================
2025-10-12 18:22:54 [infer_progress] INFO:   Migration Summary - infer_progress
2025-10-12 18:22:54 [infer_progress] INFO: ============================================================
2025-10-12 18:22:54 [infer_progress] INFO:   Success: 1
2025-10-12 18:22:54 [infer_progress] INFO:   Skipped: 0
2025-10-12 18:22:54 [infer_progress] INFO:   Warnings: 0
2025-10-12 18:22:54 [infer_progress] INFO:   Failed: 0
2025-10-12 18:22:54 [infer_progress] INFO: ============================================================
2025-10-12 18:22:54 [infer_progress] INFO: 
